<?xml version="1.0" encoding="UTF-8"?>
<!-- Generated by org.testng.reporters.JUnitReportReporter -->
<testsuite hostname="IN-PG04G5BP" failures="0" tests="2" name="testrunner.TestRun" time="16.836" errors="0" timestamp="2024-12-09T21:52:57 IST" skipped="0">
  <testcase classname="testrunner.TestRun" name="runScenario" time="8.418"/>
  <testcase classname="testrunner.TestRun" name="runScenario" time="8.418"/>
</testsuite> <!-- testrunner.TestRun -->
