<?xml version="1.0" encoding="UTF-8"?>
<!-- Generated by org.testng.reporters.JUnitReportReporter -->
<testsuite hostname="IN-PG04G5BP" failures="0" tests="2" name="testrunner.TestRun" time="18.848" errors="0" timestamp="2024-12-10T12:37:46 IST" skipped="0">
  <testcase classname="testrunner.TestRun" name="runScenario" time="9.424"/>
  <testcase classname="testrunner.TestRun" name="runScenario" time="9.424"/>
</testsuite> <!-- testrunner.TestRun -->
