<?xml version="1.0" encoding="UTF-8"?>
<!-- Generated by org.testng.reporters.JUnitReportReporter -->
<testsuite hostname="IN-PG04G5BP" failures="0" tests="2" name="testrunner.TestRun" time="20.580" errors="0" timestamp="2024-12-10T13:32:13 IST" skipped="0">
  <testcase classname="testrunner.TestRun" name="runScenario" time="10.290"/>
  <testcase classname="testrunner.TestRun" name="runScenario" time="10.290"/>
</testsuite> <!-- testrunner.TestRun -->
